c:\users\chlob\source\repos\linecircleparse\x64\debug\vc143.pdb
c:\users\chlob\source\repos\linecircleparse\x64\debug\vc143.idb
c:\users\chlob\source\repos\linecircleparse\x64\debug\tserial.obj
c:\users\chlob\source\repos\linecircleparse\x64\debug\robotmotion2023.obj
c:\users\chlob\source\repos\linecircleparse\x64\debug\robomove2_15.obj
c:\users\chlob\source\repos\linecircleparse\x64\debug\rhrinospecific.obj
c:\users\chlob\source\repos\linecircleparse\x64\debug\rhinomath.obj
c:\users\chlob\source\repos\linecircleparse\x64\debug\parse.obj
c:\users\chlob\source\repos\linecircleparse\x64\debug\movetopoint.obj
c:\users\chlob\source\repos\linecircleparse\x64\debug\line.obj
c:\users\chlob\source\repos\linecircleparse\x64\debug\circle.obj
c:\users\chlob\source\repos\linecircleparse\x64\debug\linecircleparse.exe
c:\users\chlob\source\repos\linecircleparse\x64\debug\linecircleparse.ilk
c:\users\chlob\source\repos\linecircleparse\x64\debug\linecircleparse.pdb
c:\users\chlob\source\repos\linecircleparse\x64\debug\linecircleparse.tlog\cl.command.1.tlog
c:\users\chlob\source\repos\linecircleparse\x64\debug\linecircleparse.tlog\cl.read.1.tlog
c:\users\chlob\source\repos\linecircleparse\x64\debug\linecircleparse.tlog\cl.write.1.tlog
c:\users\chlob\source\repos\linecircleparse\x64\debug\linecircleparse.tlog\link.command.1.tlog
c:\users\chlob\source\repos\linecircleparse\x64\debug\linecircleparse.tlog\link.read.1.tlog
c:\users\chlob\source\repos\linecircleparse\x64\debug\linecircleparse.tlog\link.write.1.tlog
